[INFO ] 2022-12-14 12:57:08.507 [main] Landing_Page - user_is_on_the_landing_page()
[INFO ] 2022-12-14 12:57:08.570 [main] Landing_Page - verify_that_navigation_logo_button_is_clickable()
[INFO ] 2022-12-14 12:57:08.612 [main] Landing_Page - verify_that_home_button_is_clickable_in_top_navigation_panel()
[INFO ] 2022-12-14 12:57:08.654 [main] Landing_Page - verify_that_student_button_is_clickable_in_top_navigation_panel()
[INFO ] 2022-12-14 12:57:08.693 [main] Landing_Page - verify_that_eductors_button_is_clickable_in_top_navigation_panel()
[INFO ] 2022-12-14 12:57:08.735 [main] Landing_Page - verify_that_about_us_button_is_clickable_in_top_navigation_panel()
[INFO ] 2022-12-14 12:57:08.775 [main] Landing_Page - verify_that_contact_us_button_is_clickable_in_top_navigation_panel()
[INFO ] 2022-12-14 12:57:08.818 [main] Landing_Page - verify_that_sign_up_and_take_the_quiz_button_is_clickable_in_top_navigation_panel()
[INFO ] 2022-12-14 12:57:08.864 [main] Landing_Page - verify_that_main_flag_is_clickable_in_top_navigation_panel()
[INFO ] 2022-12-14 12:57:09.006 [main] Landing_Page - verify_that_flag_into_united_kingdom_flag_is_clickable_in_top_navigation_panel()
[INFO ] 2022-12-14 12:57:09.146 [main] Landing_Page - verify_that_flag_into_united_states_flag_is_clickable_in_top_navigation_panel()
[INFO ] 2022-12-14 12:57:09.257 [main] Landing_Page - verify_that_flag_into_canada_flag_is_clickable_in_top_navigation_panel()
[INFO ] 2022-12-14 12:57:09.348 [main] Landing_Page - verify_that_flag_into_india_flag_is_clickable_in_top_navigation_panel()
[INFO ] 2022-12-14 12:57:09.380 [main] Landing_Page - verify_that_sign_in_button_is_clickable_in_top_navigation_panel()
[INFO ] 2022-12-14 12:57:09.509 [main] Landing_Page - verify_that_sign_in_into_students_button_is_clickable_in_top_navigation_panel()
[INFO ] 2022-12-14 12:57:09.603 [main] Landing_Page - verify_that_sign_in_into_school_or_consortium_button_is_clickable_in_top_navigation_panel()
[INFO ] 2022-12-14 12:57:09.703 [main] Landing_Page - verify_that_sign_in_into_employers_button_is_clickable_in_top_navigation_panel()
[INFO ] 2022-12-14 12:57:09.806 [main] Landing_Page - verify_that_sign_in_into_college_button_is_clickable_in_top_navigation_panel()
[INFO ] 2022-12-14 12:57:09.902 [main] Landing_Page - verify_that_sign_in_into_victar_code_button_is_clickable_in_top_navigation_panel()
[INFO ] 2022-12-14 12:57:09.947 [main] Landing_Page - verify_that_firstname_user_field_is_clickable()
[INFO ] 2022-12-14 12:57:09.989 [main] Landing_Page - verify_that_lastname_user_field_is_clickable()
[INFO ] 2022-12-14 12:57:10.024 [main] Landing_Page - verify_that_sign_up_and_take_the_quiz_button_is_clickable()
[INFO ] 2022-12-14 12:57:10.064 [main] Landing_Page - verify_that_sign_in_into_students_button_is_clickable()
[INFO ] 2022-12-14 12:57:10.105 [main] Landing_Page - verify_that_sign_in_into_school_or_consortium_button_is_clickable()
[INFO ] 2022-12-14 12:57:10.146 [main] Landing_Page - verify_that_sign_in_into_employers_button_is_clickable()
[INFO ] 2022-12-14 12:57:10.185 [main] Landing_Page - verify_that_sign_in_into_college_button_is_clickable()
[INFO ] 2022-12-14 12:57:10.231 [main] Landing_Page - verify_that_sign_in_into_victar_code_button_is_clickable()
[INFO ] 2022-12-14 12:57:10.271 [main] Landing_Page - verify_that_sign_in_into_victar_code_button_is_clickable()
[INFO ] 2022-12-14 12:57:10.313 [main] Landing_Page - verify_that_im_student_lets_go_button_is_clickable()
[INFO ] 2022-12-14 12:57:10.350 [main] Landing_Page - verify_that_im_an_eductor_lets_go_button_is_clickable()
[INFO ] 2022-12-14 12:57:10.387 [main] Landing_Page - verify_that_launch_your_career_student_button_is_clickable_in_footer()
[INFO ] 2022-12-14 12:57:10.422 [main] Landing_Page - verify_that_launch_your_career_educator_button_is_clickable_in_footer()
[INFO ] 2022-12-14 12:57:10.464 [main] Landing_Page - verify_that_get_in_touch_about_us_button_is_clickable_in_footer()
[INFO ] 2022-12-14 12:57:10.504 [main] Landing_Page - verify_that_get_in_touch_conatct_us_button_is_clickable_in_footer()
[INFO ] 2022-12-14 12:57:10.542 [main] Landing_Page - verify_that_privacy_cookie_policy_button_is_clickable_in_footer()
[INFO ] 2022-12-14 12:57:10.584 [main] Landing_Page - verify_that_back_to_top_button_is_clickable_is_clickable_in_footer()
[INFO ] 2022-12-14 12:57:10.619 [main] Landing_Page - verify_that_keep_up_with_all_things_careers_facebook_button_is_clickable()
[INFO ] 2022-12-14 12:57:10.653 [main] Landing_Page - verify_that_keep_up_with_all_things_careers_twitter_button_is_clickable()
[INFO ] 2022-12-14 12:57:10.694 [main] Landing_Page - verify_that_keep_up_with_all_things_careers_instagram_button_is_clickable()
[INFO ] 2022-12-14 12:57:10.722 [main] Landing_Page - verify_that_keep_up_with_all_things_careers_linkedin_button_is_clickable()
[INFO ] 2022-12-14 12:57:21.731 [main] Landing_Page - user_is_on_the_landing_page()
[INFO ] 2022-12-14 12:57:23.085 [main] Landing_Page - user_click_on_the_home_function()
[INFO ] 2022-12-14 12:57:23.108 [main] Landing_Page - verify_that_home_button_working_as_expected_something()
[INFO ] 2022-12-14 12:57:26.895 [main] Landing_Page - user_click_on_the_home_function()
[INFO ] 2022-12-14 12:57:26.908 [main] Landing_Page - verify_that_students_button_working_as_expected_something()
[INFO ] 2022-12-14 16:55:55.230 [main] Landing_Page - user_is_on_the_landing_page()
[INFO ] 2022-12-14 16:56:06.938 [main] Landing_Page - user_click_on_educators_button_function_in_top_naviagation_panel()
[INFO ] 2022-12-14 17:00:23.019 [main] Landing_Page - user_is_on_the_landing_page()
[INFO ] 2022-12-14 17:00:44.480 [main] Landing_Page - user_click_on_educators_button_function_in_top_naviagation_panel()
[INFO ] 2022-12-14 17:00:44.938 [main] Landing_Page - verify_that_educators_button_working_as_expected_with_page_title_something()
[INFO ] 2022-12-14 17:00:44.940 [main] Landing_Page - user_click_on_about_us_button_function_in_top_naviagation_panel()
[INFO ] 2022-12-14 17:00:44.942 [main] Landing_Page - then_verify_that_about_us_button_working_as_expected_with_page_title_something()
[INFO ] 2022-12-14 17:00:44.944 [main] Landing_Page - user_click_on_contact_us_button_function_in_top_naviagation_panel()
[INFO ] 2022-12-14 17:00:44.947 [main] Landing_Page - verify_that_contact_us_button_working_as_expected_with_page_title_something()
[INFO ] 2022-12-14 17:00:44.950 [main] Landing_Page - user_click_on_sign_up_take_the_quiz_button_function_in_top_naviagation_panel()
[INFO ] 2022-12-14 17:00:44.952 [main] Landing_Page - verify_that_sign_up_take_the_quiz_button_working_as_expected_with_page_title_something()
[INFO ] 2022-12-14 17:00:44.953 [main] Landing_Page - user_click_on_flag_into_united_kingdom_button_function_in_top_naviagation_panel()
[INFO ] 2022-12-14 17:00:44.953 [main] Landing_Page - verify_that_flag_into_united_kingdom_button_working_as_expected_with_page_title_something()
[INFO ] 2022-12-14 17:00:44.953 [main] Landing_Page - user_click_on_flag_into_united_states_button_function_in_top_naviagation_panel()
[INFO ] 2022-12-14 17:00:44.953 [main] Landing_Page - verify_that_flag_into_united_states_button_working_as_expected_with_page_title_something()
[INFO ] 2022-12-14 17:00:44.953 [main] Landing_Page - user_click_on_flag_into_canada_button_function_in_top_naviagation_panel()
[INFO ] 2022-12-14 17:00:44.953 [main] Landing_Page - verify_that_flag_into_canada_button_working_as_expected_with_page_title_something()
[INFO ] 2022-12-14 17:00:44.953 [main] Landing_Page - user_click_on_flag_into_india_button_function_in_top_naviagation_panel()
[INFO ] 2022-12-14 17:00:44.953 [main] Landing_Page - verify_that_flag_into_india_button_working_as_expected_with_page_title_something()
[INFO ] 2022-12-14 17:00:44.953 [main] Landing_Page - user_click_on_sign_up_into_students_button_function_in_top_naviagation_panel()
[INFO ] 2022-12-14 17:00:44.953 [main] Landing_Page - verify_that_sign_up_into_students_button_working_as_expected_with_page_title_something()
[INFO ] 2022-12-14 17:00:44.968 [main] Landing_Page - user_click_on_sign_up_into_college_or_consortium_button_function_in_top_naviagation_panel()
[INFO ] 2022-12-14 17:00:44.968 [main] Landing_Page - verify_that_sign_up_into_college_or_consortium_button_working_as_expected_with_page_title_something()
[INFO ] 2022-12-14 17:00:44.968 [main] Landing_Page - user_click_on_sign_up_into_employer_button_function_in_top_naviagation_panel()
[INFO ] 2022-12-14 17:00:44.968 [main] Landing_Page - verify_that_sign_up_into_employer_button_working_as_expected_with_page_title_something()
[INFO ] 2022-12-14 17:00:44.968 [main] Landing_Page - user_click_on_sign_up_into_college_button_function_in_top_naviagation_panel()
[INFO ] 2022-12-14 17:00:44.968 [main] Landing_Page - verify_that_sign_up_into_college_button_working_as_expected_with_page_title_something()
[INFO ] 2022-12-14 17:00:44.968 [main] Landing_Page - user_click_on_sign_up_into_victar_code_login_button_function_in_top_naviagation_panel()
[INFO ] 2022-12-14 17:00:44.968 [main] Landing_Page - verify_that_sign_up_into_victar_code_login_button_working_as_expected_with_page_title_something()
[INFO ] 2022-12-14 17:03:08.807 [main] Landing_Page - user_is_on_the_landing_page()
[INFO ] 2022-12-14 17:05:02.203 [main] Landing_Page - user_is_on_the_landing_page()
[INFO ] 2022-12-14 17:05:17.729 [main] Landing_Page - user_click_on_about_us_button_function_in_top_naviagation_panel()
[INFO ] 2022-12-14 17:05:17.761 [main] Landing_Page - then_verify_that_about_us_button_working_as_expected_with_page_title_something()
[INFO ] 2022-12-14 17:05:17.765 [main] Landing_Page - user_click_on_contact_us_button_function_in_top_naviagation_panel()
[INFO ] 2022-12-14 17:05:17.769 [main] Landing_Page - verify_that_contact_us_button_working_as_expected_with_page_title_something()
[INFO ] 2022-12-14 17:05:17.771 [main] Landing_Page - user_click_on_sign_up_take_the_quiz_button_function_in_top_naviagation_panel()
[INFO ] 2022-12-14 17:05:17.774 [main] Landing_Page - verify_that_sign_up_take_the_quiz_button_working_as_expected_with_page_title_something()
[INFO ] 2022-12-14 17:05:17.777 [main] Landing_Page - user_click_on_flag_into_united_kingdom_button_function_in_top_naviagation_panel()
[INFO ] 2022-12-14 17:05:17.779 [main] Landing_Page - verify_that_flag_into_united_kingdom_button_working_as_expected_with_page_title_something()
[INFO ] 2022-12-14 17:05:17.781 [main] Landing_Page - user_click_on_flag_into_united_states_button_function_in_top_naviagation_panel()
[INFO ] 2022-12-14 17:05:17.783 [main] Landing_Page - verify_that_flag_into_united_states_button_working_as_expected_with_page_title_something()
[INFO ] 2022-12-14 17:05:17.785 [main] Landing_Page - user_click_on_flag_into_canada_button_function_in_top_naviagation_panel()
[INFO ] 2022-12-14 17:05:17.786 [main] Landing_Page - verify_that_flag_into_canada_button_working_as_expected_with_page_title_something()
[INFO ] 2022-12-14 17:05:17.787 [main] Landing_Page - user_click_on_flag_into_india_button_function_in_top_naviagation_panel()
[INFO ] 2022-12-14 17:05:17.787 [main] Landing_Page - verify_that_flag_into_india_button_working_as_expected_with_page_title_something()
[INFO ] 2022-12-14 17:05:17.787 [main] Landing_Page - user_click_on_sign_up_into_students_button_function_in_top_naviagation_panel()
[INFO ] 2022-12-14 17:05:17.787 [main] Landing_Page - verify_that_sign_up_into_students_button_working_as_expected_with_page_title_something()
[INFO ] 2022-12-14 17:05:17.787 [main] Landing_Page - user_click_on_sign_up_into_college_or_consortium_button_function_in_top_naviagation_panel()
[INFO ] 2022-12-14 17:05:17.787 [main] Landing_Page - verify_that_sign_up_into_college_or_consortium_button_working_as_expected_with_page_title_something()
[INFO ] 2022-12-14 17:05:17.787 [main] Landing_Page - user_click_on_sign_up_into_employer_button_function_in_top_naviagation_panel()
[INFO ] 2022-12-14 17:05:17.787 [main] Landing_Page - verify_that_sign_up_into_employer_button_working_as_expected_with_page_title_something()
[INFO ] 2022-12-14 17:05:17.787 [main] Landing_Page - user_click_on_sign_up_into_college_button_function_in_top_naviagation_panel()
[INFO ] 2022-12-14 17:05:17.787 [main] Landing_Page - verify_that_sign_up_into_college_button_working_as_expected_with_page_title_something()
[INFO ] 2022-12-14 17:05:17.803 [main] Landing_Page - user_click_on_sign_up_into_victar_code_login_button_function_in_top_naviagation_panel()
[INFO ] 2022-12-14 17:05:17.803 [main] Landing_Page - verify_that_sign_up_into_victar_code_login_button_working_as_expected_with_page_title_something()
[INFO ] 2022-12-14 17:10:38.345 [main] Landing_Page - user_is_on_the_landing_page()
[INFO ] 2022-12-14 17:10:44.984 [main] Landing_Page - user_click_on_contact_us_button_function_in_top_naviagation_panel()
[INFO ] 2022-12-14 17:11:31.824 [main] Landing_Page - user_is_on_the_landing_page()
[INFO ] 2022-12-14 17:11:38.279 [main] Landing_Page - user_click_on_contact_us_button_function_in_top_naviagation_panel()
[INFO ] 2022-12-14 17:11:38.309 [main] Landing_Page - verify_that_contact_us_button_working_as_expected_with_page_title_something()
[INFO ] 2022-12-14 17:11:47.079 [main] Landing_Page - user_click_on_sign_up_take_the_quiz_button_function_in_top_naviagation_panel()
[INFO ] 2022-12-14 17:11:47.094 [main] Landing_Page - verify_that_sign_up_take_the_quiz_button_working_as_expected_with_page_title_something()
[INFO ] 2022-12-14 17:11:47.096 [main] Landing_Page - user_click_on_flag_into_united_kingdom_button_function_in_top_naviagation_panel()
[INFO ] 2022-12-14 17:11:47.099 [main] Landing_Page - verify_that_flag_into_united_kingdom_button_working_as_expected_with_page_title_something()
[INFO ] 2022-12-14 17:11:47.103 [main] Landing_Page - user_click_on_flag_into_united_states_button_function_in_top_naviagation_panel()
[INFO ] 2022-12-14 17:11:47.105 [main] Landing_Page - verify_that_flag_into_united_states_button_working_as_expected_with_page_title_something()
[INFO ] 2022-12-14 17:11:47.107 [main] Landing_Page - user_click_on_flag_into_canada_button_function_in_top_naviagation_panel()
[INFO ] 2022-12-14 17:11:47.113 [main] Landing_Page - verify_that_flag_into_canada_button_working_as_expected_with_page_title_something()
[INFO ] 2022-12-14 17:11:47.117 [main] Landing_Page - user_click_on_flag_into_india_button_function_in_top_naviagation_panel()
[INFO ] 2022-12-14 17:11:47.119 [main] Landing_Page - verify_that_flag_into_india_button_working_as_expected_with_page_title_something()
[INFO ] 2022-12-14 17:11:47.120 [main] Landing_Page - user_click_on_sign_up_into_students_button_function_in_top_naviagation_panel()
[INFO ] 2022-12-14 17:11:47.122 [main] Landing_Page - verify_that_sign_up_into_students_button_working_as_expected_with_page_title_something()
[INFO ] 2022-12-14 17:11:47.125 [main] Landing_Page - user_click_on_sign_up_into_college_or_consortium_button_function_in_top_naviagation_panel()
[INFO ] 2022-12-14 17:11:47.126 [main] Landing_Page - verify_that_sign_up_into_college_or_consortium_button_working_as_expected_with_page_title_something()
[INFO ] 2022-12-14 17:11:47.132 [main] Landing_Page - user_click_on_sign_up_into_employer_button_function_in_top_naviagation_panel()
[INFO ] 2022-12-14 17:11:47.132 [main] Landing_Page - verify_that_sign_up_into_employer_button_working_as_expected_with_page_title_something()
[INFO ] 2022-12-14 17:11:47.132 [main] Landing_Page - user_click_on_sign_up_into_college_button_function_in_top_naviagation_panel()
[INFO ] 2022-12-14 17:11:47.132 [main] Landing_Page - verify_that_sign_up_into_college_button_working_as_expected_with_page_title_something()
[INFO ] 2022-12-14 17:11:47.132 [main] Landing_Page - user_click_on_sign_up_into_victar_code_login_button_function_in_top_naviagation_panel()
[INFO ] 2022-12-14 17:11:47.132 [main] Landing_Page - verify_that_sign_up_into_victar_code_login_button_working_as_expected_with_page_title_something()
[INFO ] 2022-12-14 17:29:09.940 [main] Landing_Page - user_is_on_the_landing_page()
[INFO ] 2022-12-14 17:29:17.626 [main] Landing_Page - user_click_on_sign_up_take_the_quiz_button_function_in_top_naviagation_panel()
[INFO ] 2022-12-14 17:29:23.067 [main] Landing_Page - verify_that_sign_up_take_the_quiz_button_working_as_expected_with_page_title_something()
[INFO ] 2022-12-14 17:29:23.070 [main] Landing_Page - user_click_on_flag_into_united_kingdom_button_function_in_top_naviagation_panel()
[INFO ] 2022-12-14 17:29:23.073 [main] Landing_Page - verify_that_flag_into_united_kingdom_button_working_as_expected_with_page_title_something()
[INFO ] 2022-12-14 17:29:23.074 [main] Landing_Page - user_click_on_flag_into_united_states_button_function_in_top_naviagation_panel()
[INFO ] 2022-12-14 17:29:23.080 [main] Landing_Page - verify_that_flag_into_united_states_button_working_as_expected_with_page_title_something()
[INFO ] 2022-12-14 17:29:23.085 [main] Landing_Page - user_click_on_flag_into_canada_button_function_in_top_naviagation_panel()
[INFO ] 2022-12-14 17:29:23.089 [main] Landing_Page - verify_that_flag_into_canada_button_working_as_expected_with_page_title_something()
[INFO ] 2022-12-14 17:29:23.091 [main] Landing_Page - user_click_on_flag_into_india_button_function_in_top_naviagation_panel()
[INFO ] 2022-12-14 17:29:23.095 [main] Landing_Page - verify_that_flag_into_india_button_working_as_expected_with_page_title_something()
[INFO ] 2022-12-14 17:29:23.097 [main] Landing_Page - user_click_on_sign_up_into_students_button_function_in_top_naviagation_panel()
[INFO ] 2022-12-14 17:29:23.100 [main] Landing_Page - verify_that_sign_up_into_students_button_working_as_expected_with_page_title_something()
[INFO ] 2022-12-14 17:29:23.101 [main] Landing_Page - user_click_on_sign_up_into_college_or_consortium_button_function_in_top_naviagation_panel()
[INFO ] 2022-12-14 17:29:23.106 [main] Landing_Page - verify_that_sign_up_into_college_or_consortium_button_working_as_expected_with_page_title_something()
[INFO ] 2022-12-14 17:29:23.108 [main] Landing_Page - user_click_on_sign_up_into_employer_button_function_in_top_naviagation_panel()
[INFO ] 2022-12-14 17:29:23.118 [main] Landing_Page - verify_that_sign_up_into_employer_button_working_as_expected_with_page_title_something()
[INFO ] 2022-12-14 17:29:23.121 [main] Landing_Page - user_click_on_sign_up_into_college_button_function_in_top_naviagation_panel()
[INFO ] 2022-12-14 17:29:23.125 [main] Landing_Page - verify_that_sign_up_into_college_button_working_as_expected_with_page_title_something()
[INFO ] 2022-12-14 17:29:23.135 [main] Landing_Page - user_click_on_sign_up_into_victar_code_login_button_function_in_top_naviagation_panel()
[INFO ] 2022-12-14 17:29:23.138 [main] Landing_Page - verify_that_sign_up_into_victar_code_login_button_working_as_expected_with_page_title_something()
[INFO ] 2022-12-14 18:52:37.683 [main] Landing_Page - user_is_on_the_landing_page()
[INFO ] 2022-12-14 18:52:40.017 [main] Landing_Page - user_click_on_the_home_function()
[INFO ] 2022-12-14 18:52:40.083 [main] Landing_Page - verify_that_home_button_working_as_expected_something()
[INFO ] 2022-12-14 18:53:00.408 [main] Landing_Page - user_click_on_the_home_function()
[INFO ] 2022-12-14 18:53:00.427 [main] Landing_Page - verify_that_students_button_working_as_expected_something()
[INFO ] 2022-12-14 18:53:08.209 [main] Landing_Page - user_click_on_educators_button_function_in_top_navigation_panel()
[INFO ] 2022-12-14 18:53:08.228 [main] Landing_Page - verify_that_educators_button_working_as_expected_with_page_title_something()
[INFO ] 2022-12-14 18:53:13.228 [main] Landing_Page - user_click_on_about_us_button_function_in_top_navigation_panel()
[INFO ] 2022-12-14 18:53:13.243 [main] Landing_Page - then_verify_that_about_us_button_working_as_expected_with_page_title_something()
[INFO ] 2022-12-14 18:53:17.569 [main] Landing_Page - user_click_on_contact_us_button_function_in_top_navigation_panel()
[INFO ] 2022-12-14 18:53:17.591 [main] Landing_Page - verify_that_contact_us_button_working_as_expected_with_page_title_something()
[INFO ] 2022-12-14 18:53:27.232 [main] Landing_Page - user_click_on_sign_up_take_the_quiz_button_function_in_top_navigation_panel()
[INFO ] 2022-12-14 18:53:30.799 [main] Landing_Page - verify_that_sign_up_take_the_quiz_button_working_as_expected_with_page_title_something()
[INFO ] 2022-12-14 18:53:32.551 [main] Landing_Page - user_click_on_flag_into_united_kingdom_button_function_in_top_navigation_panel()
[INFO ] 2022-12-14 18:53:32.571 [main] Landing_Page - verify_that_flag_into_united_kingdom_button_working_as_expected_with_page_title_something()
[INFO ] 2022-12-14 18:53:34.561 [main] Landing_Page - user_click_on_flag_into_united_states_button_function_in_top_navigation_panel()
[INFO ] 2022-12-14 18:53:34.581 [main] Landing_Page - verify_that_flag_into_united_states_button_working_as_expected_with_page_title_something()
[INFO ] 2022-12-14 18:53:42.829 [main] Landing_Page - user_click_on_flag_into_canada_button_function_in_top_navigation_panel()
[INFO ] 2022-12-14 18:55:36.239 [main] Landing_Page - user_is_on_the_landing_page()
[INFO ] 2022-12-14 18:55:38.044 [main] Landing_Page - user_click_on_the_home_function()
[INFO ] 2022-12-14 18:55:38.066 [main] Landing_Page - verify_that_home_button_working_as_expected_something()
[INFO ] 2022-12-14 18:55:50.539 [main] Landing_Page - user_click_on_the_home_function()
[INFO ] 2022-12-14 18:55:50.560 [main] Landing_Page - verify_that_students_button_working_as_expected_something()
[INFO ] 2022-12-14 18:56:00.037 [main] Landing_Page - user_click_on_educators_button_function_in_top_navigation_panel()
[INFO ] 2022-12-14 18:56:00.057 [main] Landing_Page - verify_that_educators_button_working_as_expected_with_page_title_something()
[INFO ] 2022-12-14 18:56:09.696 [main] Landing_Page - user_click_on_about_us_button_function_in_top_navigation_panel()
[INFO ] 2022-12-14 18:56:09.712 [main] Landing_Page - then_verify_that_about_us_button_working_as_expected_with_page_title_something()
[INFO ] 2022-12-14 18:56:15.676 [main] Landing_Page - user_click_on_contact_us_button_function_in_top_navigation_panel()
[INFO ] 2022-12-14 18:56:15.692 [main] Landing_Page - verify_that_contact_us_button_working_as_expected_with_page_title_something()
[INFO ] 2022-12-14 18:56:20.541 [main] Landing_Page - user_click_on_sign_up_take_the_quiz_button_function_in_top_navigation_panel()
[INFO ] 2022-12-14 18:56:25.021 [main] Landing_Page - verify_that_sign_up_take_the_quiz_button_working_as_expected_with_page_title_something()
[INFO ] 2022-12-14 18:56:26.976 [main] Landing_Page - user_click_on_flag_into_united_kingdom_button_function_in_top_navigation_panel()
[INFO ] 2022-12-14 18:56:26.998 [main] Landing_Page - verify_that_flag_into_united_kingdom_button_working_as_expected_with_page_title_something()
[INFO ] 2022-12-14 18:56:29.017 [main] Landing_Page - user_click_on_flag_into_united_states_button_function_in_top_navigation_panel()
[INFO ] 2022-12-14 18:56:29.042 [main] Landing_Page - verify_that_flag_into_united_states_button_working_as_expected_with_page_title_something()
[INFO ] 2022-12-14 19:01:39.365 [main] Landing_Page - user_is_on_the_landing_page()
[INFO ] 2022-12-14 19:01:42.604 [main] Landing_Page - user_click_on_the_home_function()
[INFO ] 2022-12-14 19:01:42.633 [main] Landing_Page - verify_that_home_button_working_as_expected_something()
[INFO ] 2022-12-14 19:02:53.753 [main] Landing_Page - user_click_on_the_home_function()
[INFO ] 2022-12-14 19:02:53.772 [main] Landing_Page - verify_that_students_button_working_as_expected_something()
[INFO ] 2022-12-14 19:03:33.972 [main] Landing_Page - user_click_on_educators_button_function_in_top_navigation_panel()
[INFO ] 2022-12-14 19:03:33.994 [main] Landing_Page - verify_that_educators_button_working_as_expected_with_page_title_something()
[INFO ] 2022-12-14 19:03:57.184 [main] Landing_Page - user_click_on_about_us_button_function_in_top_navigation_panel()
[INFO ] 2022-12-14 19:03:57.201 [main] Landing_Page - then_verify_that_about_us_button_working_as_expected_with_page_title_something()
[INFO ] 2022-12-14 19:04:25.998 [main] Landing_Page - user_click_on_contact_us_button_function_in_top_navigation_panel()
[INFO ] 2022-12-14 19:04:26.015 [main] Landing_Page - verify_that_contact_us_button_working_as_expected_with_page_title_something()
[INFO ] 2022-12-14 19:04:52.776 [main] Landing_Page - user_click_on_sign_up_take_the_quiz_button_function_in_top_navigation_panel()
[INFO ] 2022-12-14 19:04:59.361 [main] Landing_Page - verify_that_sign_up_take_the_quiz_button_working_as_expected_with_page_title_something()
[INFO ] 2022-12-14 19:05:01.479 [main] Landing_Page - user_click_on_flag_into_united_kingdom_button_function_in_top_navigation_panel()
[INFO ] 2022-12-14 19:05:01.501 [main] Landing_Page - verify_that_flag_into_united_kingdom_button_working_as_expected_with_page_title_something()
[INFO ] 2022-12-14 19:05:04.098 [main] Landing_Page - user_click_on_flag_into_united_states_button_function_in_top_navigation_panel()
[INFO ] 2022-12-14 19:05:04.120 [main] Landing_Page - verify_that_flag_into_united_states_button_working_as_expected_with_page_title_something()
[INFO ] 2022-12-14 19:08:21.828 [main] Landing_Page - user_is_on_the_landing_page()
[INFO ] 2022-12-14 19:19:17.030 [main] Landing_Page - user_is_on_the_landing_page()
[INFO ] 2022-12-14 19:32:57.785 [main] Landing_Page - user_is_on_the_landing_page()
[INFO ] 2022-12-14 19:33:04.652 [main] Landing_Page - user_click_on_sign_up_into_school_or_consortium_button_function_in_top_navigation_panel()
[INFO ] 2022-12-14 19:34:55.101 [main] Landing_Page - user_is_on_the_landing_page()
[INFO ] 2022-12-14 19:35:03.453 [main] Landing_Page - user_click_on_sign_up_into_students_button_function_in_top_navigation_panel()
[INFO ] 2022-12-14 19:40:15.098 [main] Landing_Page - user_is_on_the_landing_page()
[INFO ] 2022-12-14 19:40:45.910 [main] Landing_Page - user_click_on_sign_up_into_students_button_function_in_top_navigation_panel()
[INFO ] 2022-12-14 19:41:46.003 [main] Landing_Page - user_is_on_the_landing_page()
[INFO ] 2022-12-14 19:41:54.495 [main] Landing_Page - user_click_on_sign_up_into_students_button_function_in_top_navigation_panel()
[INFO ] 2022-12-14 19:41:56.673 [main] Landing_Page - verify_that_sign_up_into_students_button_working_as_expected_with_page_title_something()
[INFO ] 2022-12-14 19:41:58.209 [main] Landing_Page - user_click_on_sign_up_into_school_or_consortium_button_function_in_top_navigation_panel()
[INFO ] 2022-12-14 19:44:32.462 [main] Landing_Page - user_is_on_the_landing_page()
[INFO ] 2022-12-14 19:45:32.151 [main] Landing_Page - user_is_on_the_landing_page()
[INFO ] 2022-12-14 19:45:43.075 [main] Landing_Page - user_click_on_sign_up_into_school_or_consortium_button_function_in_top_navigation_panel()
[INFO ] 2022-12-14 19:53:37.431 [main] Landing_Page - user_is_on_the_landing_page()
[INFO ] 2022-12-14 19:59:45.583 [main] Landing_Page - user_is_on_the_landing_page()
[INFO ] 2022-12-14 20:00:00.282 [main] Landing_Page - user_click_on_sign_up_into_students_button_function_in_top_navigation_panel()
[INFO ] 2022-12-14 20:00:03.013 [main] Landing_Page - verify_that_sign_up_into_students_button_working_as_expected_with_page_title_something()
[INFO ] 2022-12-14 20:06:09.313 [main] Landing_Page - user_is_on_the_landing_page()
[INFO ] 2022-12-14 20:09:22.062 [main] Landing_Page - user_is_on_the_landing_page()
[INFO ] 2022-12-14 20:09:51.173 [main] Landing_Page - user_click_on_sign_up_into_school_or_consortium_button_function_in_top_navigation_panel()
[INFO ] 2022-12-14 20:09:55.389 [main] Landing_Page - verify_that_sign_up_into_school_or_consortium_button_working_as_expected_with_page_title_something()
[INFO ] 2022-12-14 20:14:28.602 [main] Landing_Page - user_is_on_the_landing_page()
[INFO ] 2022-12-14 20:16:19.618 [main] Landing_Page - user_click_on_sign_up_into_students_button_function_in_top_navigation_panel()
[INFO ] 2022-12-14 20:16:26.529 [main] Landing_Page - verify_that_sign_up_into_students_button_working_as_expected_with_page_title_something()
[INFO ] 2022-12-14 20:16:32.910 [main] Landing_Page - user_click_on_sign_up_into_school_or_consortium_button_function_in_top_navigation_panel()
[INFO ] 2022-12-14 20:16:36.345 [main] Landing_Page - verify_that_sign_up_into_school_or_consortium_button_working_as_expected_with_page_title_something()
[INFO ] 2022-12-14 20:16:37.831 [main] Landing_Page - user_click_on_sign_up_into_employer_button_function_in_top_navigation_panel()
[INFO ] 2022-12-14 20:16:39.775 [main] Landing_Page - verify_that_sign_up_into_employer_button_working_as_expected_with_page_title_something()
[INFO ] 2022-12-14 20:16:41.835 [main] Landing_Page - user_click_on_sign_up_into_college_button_function_in_top_navigation_panel()
[INFO ] 2022-12-14 20:16:43.902 [main] Landing_Page - verify_that_sign_up_into_college_button_working_as_expected_with_page_title_something()
[INFO ] 2022-12-14 20:16:45.975 [main] Landing_Page - user_click_on_sign_up_into_victar_code_login_button_function_in_top_navigation_panel()
[INFO ] 2022-12-14 20:16:47.637 [main] Landing_Page - verify_that_sign_up_into_victar_code_login_button_working_as_expected_with_page_title_something()
[INFO ] 2022-12-14 21:10:29.553 [main] Landing_Page - user_is_on_the_landing_page()
[INFO ] 2022-12-14 21:12:12.149 [main] Landing_Page - user_is_on_the_landing_page()
[INFO ] 2022-12-14 21:12:12.597 [main] Landing_Page - user_click_in_first_name_field_and_last_name_field_and_send_text_data_into_those_field()
[INFO ] 2022-12-14 21:13:39.360 [main] Landing_Page - user_is_on_the_landing_page()
[INFO ] 2022-12-14 21:16:27.488 [main] Landing_Page - user_is_on_the_landing_page()
[INFO ] 2022-12-14 21:16:41.362 [main] Landing_Page - user_click_in_first_name_field_and_last_name_field_and_send_text_data_into_those_field()
[INFO ] 2022-12-14 21:18:14.961 [main] Landing_Page - user_is_on_the_landing_page()
[INFO ] 2022-12-14 21:18:23.198 [main] Landing_Page - user_click_in_first_name_field_and_last_name_field_and_send_text_data_into_those_field()
[INFO ] 2022-12-14 21:18:28.866 [main] Landing_Page - verify_that_user_is_able_to_navigate_into_the_register_page()
